<?xml version="1.0" encoding="UTF-8"?>
<!-- Generated by org.testng.reporters.JUnitXMLReporter -->
<testsuite hostname="Infva07283" ignored="1" name="Test" tests="2" failures="0" timestamp="13 Mar 2019 09:25:18 GMT" time="0.047" errors="0">
  <testcase name="f1" time="0.016" classname="testNg_Day4.Grouping"/>
  <testcase name="f2" time="0.0" classname="testNg_Day4.Grouping"/>
  <testcase name="f3" time="0.0" classname="testNg_Day4.Grouping">
    <ignored/>
  </testcase> <!-- f3 -->
</testsuite> <!-- Test -->
